INFO  2023-02-26 19:13:13.561 +0530 main : com.tableau.OAuthServiceMain - Starting OAuthServiceMain using Java 11.0.16 on Samyuktha with PID 2648 (C:\Program Files\Tableau\Tableau Public 2022.4\bin\oauthservice.jar started by samyu in C:\Users\samyu\AppData\Local\Temp\TableauTemp)
INFO  2023-02-26 19:13:13.561 +0530 main : com.tableau.OAuthServiceMain - No active profile set, falling back to 1 default profile: "default"
INFO  2023-02-26 19:13:15.073 +0530 main : com.tableau.grpc.OAuthGrpcServer - OAuthProviderService started, listening on 65347.
INFO  2023-02-26 19:13:15.157 +0530 main : com.tableau.OAuthServiceMain - Started OAuthServiceMain in 2.075 seconds (JVM running for 3.792)
INFO  2023-02-26 19:13:15.491 +0530 grpc-default-executor-0 : com.tableau.oauth.grpc.OAuthV1GrpcAdapter - Calling into initialAuthorization call
INFO  2023-02-26 19:13:15.492 +0530 grpc-default-executor-0 : com.tableau.oauth.service.OAuthRequestorRegistry - Getting the oauth provider for googledrive. Using oauth proxy: Galop.
INFO  2023-02-26 19:13:15.519 +0530 grpc-default-executor-0 : com.tableau.oauth.requestors.GalopRequestor - Requesting oauth tokens for: googledrive
INFO  2023-02-26 19:13:15.519 +0530 grpc-default-executor-0 : com.tableau.oauth.requestors.GalopRequestor - Request coming from: desktop
INFO  2023-02-26 19:13:15.662 +0530 grpc-default-executor-0 : com.tableau.oauth.utils.LoadBrowserHelper - Browsing is available.
INFO  2023-02-26 19:13:15.662 +0530 grpc-default-executor-0 : com.tableau.oauth.utils.LoadBrowserHelper - Sending browser to: https://galop.connectors.tableau.com/prod/v1/auth/googledrive/desktop?callbackurl=http://localhost:65349/Tokens&username=&instanceurl=&role=
ERROR 2023-02-26 19:13:27.991 +0530 HTTP-Dispatcher : com.tableau.oauth.utils.I18nStringUtils - Unable to load string IDSOAuthBrowserAuthenticationTitleMsg from bundle strings/oauthServiceImplResourceBundle using locale en-IN.
ERROR 2023-02-26 19:13:27.991 +0530 HTTP-Dispatcher : com.tableau.oauth.utils.I18nStringUtils - Unable to load string IDSOAuthBrowserLoginDoneMsg from bundle strings/oauthServiceImplResourceBundle using locale en-IN.
INFO  2023-02-26 19:13:27.991 +0530 grpc-default-executor-0 : com.tableau.oauth.requestors.GalopRequestor - Requested Param: ACCESSTOKEN
INFO  2023-02-26 19:13:27.991 +0530 grpc-default-executor-0 : com.tableau.oauth.requestors.GalopRequestor - Requested Param: REFRESHTOKEN
INFO  2023-02-26 19:13:27.991 +0530 grpc-default-executor-0 : com.tableau.oauth.requestors.GalopRequestor - Requested Param: access-token-expires-in
INFO  2023-02-26 19:13:27.991 +0530 grpc-default-executor-0 : com.tableau.oauth.requestors.GalopRequestor - Requested Param: access-token-issue-time
INFO  2023-02-26 19:13:27.991 +0530 grpc-default-executor-0 : com.tableau.oauth.requestors.GalopRequestor - Requested Param: username
INFO  2023-02-26 19:13:27.996 +0530 grpc-default-executor-0 : com.tableau.oauth.grpc.OAuthV1GrpcAdapter - Tokens returned from grpc call: {ACCESSTOKEN=********, REFRESHTOKEN=********, access-token-expires-in=3599, access-token-issue-time=1677419006376, username=samyuktha.ananthan02@gmail.com}
INFO  2023-02-26 19:13:27.996 +0530 grpc-default-executor-0 : com.tableau.oauth.grpc.OAuthV1GrpcAdapter - Tokens returned from grpc call: {ACCESSTOKEN=********, REFRESHTOKEN=********, access-token-expires-in=3599, access-token-issue-time=1677419006376, username=samyuktha.ananthan02@gmail.com}
INFO  2023-02-26 19:13:27.999 +0530 grpc-default-executor-0 : com.tableau.oauth.grpc.OAuthV1GrpcAdapter - attempting to place token: ACCESSTOKEN
INFO  2023-02-26 19:13:28.001 +0530 grpc-default-executor-0 : com.tableau.oauth.grpc.OAuthV1GrpcAdapter - attempting to place token: REFRESHTOKEN
INFO  2023-02-26 19:13:28.001 +0530 grpc-default-executor-0 : com.tableau.oauth.grpc.OAuthV1GrpcAdapter - attempting to place token: access-token-expires-in
INFO  2023-02-26 19:13:28.001 +0530 grpc-default-executor-0 : com.tableau.oauth.grpc.OAuthV1GrpcAdapter - attempting to place token: access-token-issue-time
INFO  2023-02-26 19:13:28.001 +0530 grpc-default-executor-0 : com.tableau.oauth.grpc.OAuthV1GrpcAdapter - attempting to place token: username
INFO  2023-02-26 19:13:28.001 +0530 grpc-default-executor-0 : com.tableau.oauth.grpc.OAuthV1GrpcAdapter - attempting to build the response.
INFO  2023-02-26 19:13:28.001 +0530 grpc-default-executor-0 : com.tableau.oauth.grpc.OAuthV1GrpcAdapter - response: {ACCESSTOKEN=********, REFRESHTOKEN=********, access-token-expires-in=3599, access-token-issue-time=1677419006376, username=samyuktha.ananthan02@gmail.com}
INFO  2023-02-26 19:13:28.001 +0530 grpc-default-executor-0 : com.tableau.oauth.grpc.OAuthV1GrpcAdapter - response: {ACCESSTOKEN=********, REFRESHTOKEN=********, access-token-expires-in=3599, access-token-issue-time=1677419006376, username=samyuktha.ananthan02@gmail.com}
INFO  2023-02-26 19:15:55.639 +0530 grpc-default-executor-1 : com.tableau.oauth.grpc.OAuthV1GrpcAdapter - Calling into initialAuthorization call
INFO  2023-02-26 19:15:55.639 +0530 grpc-default-executor-1 : com.tableau.oauth.service.OAuthRequestorRegistry - Getting the oauth provider for googledrive. Using oauth proxy: Galop.
INFO  2023-02-26 19:15:55.639 +0530 grpc-default-executor-1 : com.tableau.oauth.requestors.GalopRequestor - Requesting oauth tokens for: googledrive
INFO  2023-02-26 19:15:55.639 +0530 grpc-default-executor-1 : com.tableau.oauth.requestors.GalopRequestor - Request coming from: desktop
INFO  2023-02-26 19:15:55.639 +0530 grpc-default-executor-1 : com.tableau.oauth.utils.LoadBrowserHelper - Browsing is available.
INFO  2023-02-26 19:15:55.639 +0530 grpc-default-executor-1 : com.tableau.oauth.utils.LoadBrowserHelper - Sending browser to: https://galop.connectors.tableau.com/prod/v1/auth/googledrive/desktop?callbackurl=http://localhost:65444/Tokens&username=&instanceurl=&role=
ERROR 2023-02-26 19:16:04.391 +0530 HTTP-Dispatcher : com.tableau.oauth.utils.I18nStringUtils - Unable to load string IDSOAuthBrowserAuthenticationTitleMsg from bundle strings/oauthServiceImplResourceBundle using locale en-IN.
ERROR 2023-02-26 19:16:04.391 +0530 HTTP-Dispatcher : com.tableau.oauth.utils.I18nStringUtils - Unable to load string IDSOAuthBrowserLoginDoneMsg from bundle strings/oauthServiceImplResourceBundle using locale en-IN.
INFO  2023-02-26 19:16:04.391 +0530 grpc-default-executor-1 : com.tableau.oauth.requestors.GalopRequestor - Requested Param: ACCESSTOKEN
INFO  2023-02-26 19:16:04.391 +0530 grpc-default-executor-1 : com.tableau.oauth.requestors.GalopRequestor - Requested Param: REFRESHTOKEN
INFO  2023-02-26 19:16:04.391 +0530 grpc-default-executor-1 : com.tableau.oauth.requestors.GalopRequestor - Requested Param: access-token-expires-in
INFO  2023-02-26 19:16:04.391 +0530 grpc-default-executor-1 : com.tableau.oauth.requestors.GalopRequestor - Requested Param: access-token-issue-time
INFO  2023-02-26 19:16:04.391 +0530 grpc-default-executor-1 : com.tableau.oauth.requestors.GalopRequestor - Requested Param: username
INFO  2023-02-26 19:16:04.391 +0530 grpc-default-executor-1 : com.tableau.oauth.grpc.OAuthV1GrpcAdapter - Tokens returned from grpc call: {ACCESSTOKEN=********, REFRESHTOKEN=********, access-token-expires-in=3599, access-token-issue-time=1677419162853, username=samyuktha.ananthan02@gmail.com}
INFO  2023-02-26 19:16:04.391 +0530 grpc-default-executor-1 : com.tableau.oauth.grpc.OAuthV1GrpcAdapter - Tokens returned from grpc call: {ACCESSTOKEN=********, REFRESHTOKEN=********, access-token-expires-in=3599, access-token-issue-time=1677419162853, username=samyuktha.ananthan02@gmail.com}
INFO  2023-02-26 19:16:04.391 +0530 grpc-default-executor-1 : com.tableau.oauth.grpc.OAuthV1GrpcAdapter - attempting to place token: ACCESSTOKEN
INFO  2023-02-26 19:16:04.391 +0530 grpc-default-executor-1 : com.tableau.oauth.grpc.OAuthV1GrpcAdapter - attempting to place token: REFRESHTOKEN
INFO  2023-02-26 19:16:04.391 +0530 grpc-default-executor-1 : com.tableau.oauth.grpc.OAuthV1GrpcAdapter - attempting to place token: access-token-expires-in
INFO  2023-02-26 19:16:04.391 +0530 grpc-default-executor-1 : com.tableau.oauth.grpc.OAuthV1GrpcAdapter - attempting to place token: access-token-issue-time
INFO  2023-02-26 19:16:04.391 +0530 grpc-default-executor-1 : com.tableau.oauth.grpc.OAuthV1GrpcAdapter - attempting to place token: username
INFO  2023-02-26 19:16:04.391 +0530 grpc-default-executor-1 : com.tableau.oauth.grpc.OAuthV1GrpcAdapter - attempting to build the response.
INFO  2023-02-26 19:16:04.391 +0530 grpc-default-executor-1 : com.tableau.oauth.grpc.OAuthV1GrpcAdapter - response: {ACCESSTOKEN=********, REFRESHTOKEN=********, access-token-expires-in=3599, access-token-issue-time=1677419162853, username=samyuktha.ananthan02@gmail.com}
INFO  2023-02-26 19:16:04.391 +0530 grpc-default-executor-1 : com.tableau.oauth.grpc.OAuthV1GrpcAdapter - response: {ACCESSTOKEN=********, REFRESHTOKEN=********, access-token-expires-in=3599, access-token-issue-time=1677419162853, username=samyuktha.ananthan02@gmail.com}
INFO  2023-02-26 19:17:19.223 +0530 grpc-default-executor-2 : com.tableau.oauth.grpc.OAuthV1GrpcAdapter - Calling into initialAuthorization call
INFO  2023-02-26 19:17:19.223 +0530 grpc-default-executor-2 : com.tableau.oauth.service.OAuthRequestorRegistry - Getting the oauth provider for googledrive. Using oauth proxy: Galop.
INFO  2023-02-26 19:17:19.229 +0530 grpc-default-executor-2 : com.tableau.oauth.requestors.GalopRequestor - Requesting oauth tokens for: googledrive
INFO  2023-02-26 19:17:19.229 +0530 grpc-default-executor-2 : com.tableau.oauth.requestors.GalopRequestor - Request coming from: desktop
INFO  2023-02-26 19:17:19.229 +0530 grpc-default-executor-2 : com.tableau.oauth.utils.LoadBrowserHelper - Browsing is available.
INFO  2023-02-26 19:17:19.229 +0530 grpc-default-executor-2 : com.tableau.oauth.utils.LoadBrowserHelper - Sending browser to: https://galop.connectors.tableau.com/prod/v1/auth/googledrive/desktop?callbackurl=http://localhost:65524/Tokens&username=&instanceurl=&role=
INFO  2023-02-26 19:17:25.065 +0530 grpc-default-executor-3 : com.tableau.oauth.grpc.OAuthV1GrpcAdapter - Received request to cancel the current authentication login.
INFO  2023-02-26 19:17:25.065 +0530 grpc-default-executor-3 : com.tableau.oauth.requestors.GalopRequestor - Cancel login.
WARN  2023-02-26 19:17:25.065 +0530 grpc-default-executor-2 : com.tableau.oauth.utils.receivers.GenericOAuthReceiver - Operation interrupted, throwing timeout error.
ERROR 2023-02-26 19:17:25.065 +0530 grpc-default-executor-2 : com.tableau.oauth.requestors.GalopRequestor - Stopping server...
ERROR 2023-02-26 19:17:25.073 +0530 grpc-default-executor-2 : com.tableau.oauth.service.OAuthService - Exception thrown while attempting to get the oauth tokens: java.io.IOException: Stopping server...
INFO  2023-02-26 19:17:25.073 +0530 grpc-default-executor-3 : com.tableau.oauth.grpc.OAuthV1GrpcAdapter - Altering the response observer that the call is completed
ERROR 2023-02-26 19:17:25.073 +0530 grpc-default-executor-2 : com.tableau.oauth.service.OAuthService - Authorization request timed out. The user may have closed the browser or cancelled the request.
java.io.IOException: Stopping server...
	at com.tableau.oauth.requestors.GalopRequestor.asCleanIOException(GalopRequestor.java:83) ~[oauth-service-impl-1.30.0-jre8.rel.jar!/:?]
	at com.tableau.oauth.requestors.GalopRequestor.getOAuthTokens(GalopRequestor.java:117) ~[oauth-service-impl-1.30.0-jre8.rel.jar!/:?]
	at com.tableau.oauth.service.OAuthService.initialAuthorization(OAuthService.java:102) ~[oauth-service-impl-1.30.0-jre8.rel.jar!/:?]
	at com.tableau.oauth.grpc.OAuthV1GrpcAdapter.initialAuthorization(OAuthV1GrpcAdapter.java:44) ~[oauth-service-impl-1.30.0-jre8.rel.jar!/:?]
	at com.tableau.connect.oauthservice.OAuthServiceGrpc$MethodHandlers.invoke(OAuthServiceGrpc.java:976) ~[classes!/:?]
	at io.grpc.stub.ServerCalls$UnaryServerCallHandler$UnaryServerCallListener.onHalfClose(ServerCalls.java:180) ~[grpc-stub-1.32.1.jar!/:1.32.1]
	at io.grpc.PartialForwardingServerCallListener.onHalfClose(PartialForwardingServerCallListener.java:35) ~[grpc-api-1.32.1.jar!/:1.32.1]
	at io.grpc.ForwardingServerCallListener.onHalfClose(ForwardingServerCallListener.java:23) ~[grpc-api-1.32.1.jar!/:1.32.1]
	at io.grpc.ForwardingServerCallListener$SimpleForwardingServerCallListener.onHalfClose(ForwardingServerCallListener.java:40) ~[grpc-api-1.32.1.jar!/:1.32.1]
	at io.grpc.Contexts$ContextualizedServerCallListener.onHalfClose(Contexts.java:86) ~[grpc-api-1.32.1.jar!/:1.32.1]
	at io.grpc.internal.ServerCallImpl$ServerStreamListenerImpl.halfClosed(ServerCallImpl.java:331) ~[grpc-core-1.32.1.jar!/:1.32.1]
	at io.grpc.internal.ServerImpl$JumpToApplicationThreadServerStreamListener$1HalfClosed.runInContext(ServerImpl.java:814) ~[grpc-core-1.32.1.jar!/:1.32.1]
	at io.grpc.internal.ContextRunnable.run(ContextRunnable.java:37) ~[grpc-core-1.32.1.jar!/:1.32.1]
	at io.grpc.internal.SerializingExecutor.run(SerializingExecutor.java:123) ~[grpc-core-1.32.1.jar!/:1.32.1]
	at java.util.concurrent.ThreadPoolExecutor.runWorker(Unknown Source) ~[?:?]
	at java.util.concurrent.ThreadPoolExecutor$Worker.run(Unknown Source) ~[?:?]
	at java.lang.Thread.run(Unknown Source) ~[?:?]
Caused by: java.util.concurrent.TimeoutException: Stopping server...
	at com.tableau.oauth.utils.receivers.GenericOAuthReceiver.waitForResponse(GenericOAuthReceiver.java:172) ~[oauth-service-impl-1.30.0-jre8.rel.jar!/:?]
	at com.tableau.oauth.requestors.GalopRequestor.getOAuthTokens(GalopRequestor.java:112) ~[oauth-service-impl-1.30.0-jre8.rel.jar!/:?]
	... 15 more
INFO  2023-02-26 19:17:30.663 +0530 grpc-default-executor-2 : com.tableau.oauth.grpc.OAuthV1GrpcAdapter - Calling into initialAuthorization call
INFO  2023-02-26 19:17:30.663 +0530 grpc-default-executor-2 : com.tableau.oauth.service.OAuthRequestorRegistry - Getting the oauth provider for googledrive. Using oauth proxy: Galop.
INFO  2023-02-26 19:17:30.672 +0530 grpc-default-executor-2 : com.tableau.oauth.requestors.GalopRequestor - Requesting oauth tokens for: googledrive
INFO  2023-02-26 19:17:30.672 +0530 grpc-default-executor-2 : com.tableau.oauth.requestors.GalopRequestor - Request coming from: desktop
INFO  2023-02-26 19:17:30.672 +0530 grpc-default-executor-2 : com.tableau.oauth.utils.LoadBrowserHelper - Browsing is available.
INFO  2023-02-26 19:17:30.672 +0530 grpc-default-executor-2 : com.tableau.oauth.utils.LoadBrowserHelper - Sending browser to: https://galop.connectors.tableau.com/prod/v1/auth/googledrive/desktop?callbackurl=http://localhost:65534/Tokens&username=&instanceurl=&role=
ERROR 2023-02-26 19:17:38.950 +0530 HTTP-Dispatcher : com.tableau.oauth.utils.I18nStringUtils - Unable to load string IDSOAuthBrowserAuthenticationTitleMsg from bundle strings/oauthServiceImplResourceBundle using locale en-IN.
ERROR 2023-02-26 19:17:38.950 +0530 HTTP-Dispatcher : com.tableau.oauth.utils.I18nStringUtils - Unable to load string IDSOAuthBrowserLoginDoneMsg from bundle strings/oauthServiceImplResourceBundle using locale en-IN.
INFO  2023-02-26 19:17:38.950 +0530 grpc-default-executor-2 : com.tableau.oauth.requestors.GalopRequestor - Requested Param: ACCESSTOKEN
INFO  2023-02-26 19:17:38.950 +0530 grpc-default-executor-2 : com.tableau.oauth.requestors.GalopRequestor - Requested Param: REFRESHTOKEN
INFO  2023-02-26 19:17:38.950 +0530 grpc-default-executor-2 : com.tableau.oauth.requestors.GalopRequestor - Requested Param: access-token-expires-in
INFO  2023-02-26 19:17:38.950 +0530 grpc-default-executor-2 : com.tableau.oauth.requestors.GalopRequestor - Requested Param: access-token-issue-time
INFO  2023-02-26 19:17:38.950 +0530 grpc-default-executor-2 : com.tableau.oauth.requestors.GalopRequestor - Requested Param: username
INFO  2023-02-26 19:17:38.959 +0530 grpc-default-executor-2 : com.tableau.oauth.grpc.OAuthV1GrpcAdapter - Tokens returned from grpc call: {ACCESSTOKEN=********, REFRESHTOKEN=********, access-token-expires-in=3599, access-token-issue-time=1677419257407, username=samyuktha.ananthan02@gmail.com}
INFO  2023-02-26 19:17:38.959 +0530 grpc-default-executor-2 : com.tableau.oauth.grpc.OAuthV1GrpcAdapter - Tokens returned from grpc call: {ACCESSTOKEN=********, REFRESHTOKEN=********, access-token-expires-in=3599, access-token-issue-time=1677419257407, username=samyuktha.ananthan02@gmail.com}
INFO  2023-02-26 19:17:38.959 +0530 grpc-default-executor-2 : com.tableau.oauth.grpc.OAuthV1GrpcAdapter - attempting to place token: ACCESSTOKEN
INFO  2023-02-26 19:17:38.959 +0530 grpc-default-executor-2 : com.tableau.oauth.grpc.OAuthV1GrpcAdapter - attempting to place token: REFRESHTOKEN
INFO  2023-02-26 19:17:38.959 +0530 grpc-default-executor-2 : com.tableau.oauth.grpc.OAuthV1GrpcAdapter - attempting to place token: access-token-expires-in
INFO  2023-02-26 19:17:38.959 +0530 grpc-default-executor-2 : com.tableau.oauth.grpc.OAuthV1GrpcAdapter - attempting to place token: access-token-issue-time
INFO  2023-02-26 19:17:38.959 +0530 grpc-default-executor-2 : com.tableau.oauth.grpc.OAuthV1GrpcAdapter - attempting to place token: username
INFO  2023-02-26 19:17:38.959 +0530 grpc-default-executor-2 : com.tableau.oauth.grpc.OAuthV1GrpcAdapter - attempting to build the response.
INFO  2023-02-26 19:17:38.959 +0530 grpc-default-executor-2 : com.tableau.oauth.grpc.OAuthV1GrpcAdapter - response: {ACCESSTOKEN=********, REFRESHTOKEN=********, access-token-expires-in=3599, access-token-issue-time=1677419257407, username=samyuktha.ananthan02@gmail.com}
INFO  2023-02-26 19:17:38.959 +0530 grpc-default-executor-2 : com.tableau.oauth.grpc.OAuthV1GrpcAdapter - response: {ACCESSTOKEN=********, REFRESHTOKEN=********, access-token-expires-in=3599, access-token-issue-time=1677419257407, username=samyuktha.ananthan02@gmail.com}
INFO  2023-02-26 19:24:43.794 +0530 main : com.tableau.OAuthServiceMain - Starting OAuthServiceMain using Java 11.0.16 on Samyuktha with PID 480 (C:\Program Files\Tableau\Tableau Public 2022.4\bin\oauthservice.jar started by samyu in C:\Users\samyu\AppData\Local\Temp\TableauTemp)
INFO  2023-02-26 19:24:43.795 +0530 main : com.tableau.OAuthServiceMain - No active profile set, falling back to 1 default profile: "default"
INFO  2023-02-26 19:24:45.362 +0530 main : com.tableau.grpc.OAuthGrpcServer - OAuthProviderService started, listening on 49394.
INFO  2023-02-26 19:24:45.445 +0530 main : com.tableau.OAuthServiceMain - Started OAuthServiceMain in 2.162 seconds (JVM running for 3.736)
INFO  2023-02-26 19:24:45.757 +0530 grpc-default-executor-0 : com.tableau.oauth.grpc.OAuthV1GrpcAdapter - Calling into initialAuthorization call
INFO  2023-02-26 19:24:45.760 +0530 grpc-default-executor-0 : com.tableau.oauth.service.OAuthRequestorRegistry - Getting the oauth provider for googledrive. Using oauth proxy: Galop.
INFO  2023-02-26 19:24:45.792 +0530 grpc-default-executor-0 : com.tableau.oauth.requestors.GalopRequestor - Requesting oauth tokens for: googledrive
INFO  2023-02-26 19:24:45.792 +0530 grpc-default-executor-0 : com.tableau.oauth.requestors.GalopRequestor - Request coming from: desktop
INFO  2023-02-26 19:24:45.872 +0530 grpc-default-executor-0 : com.tableau.oauth.utils.LoadBrowserHelper - Browsing is available.
INFO  2023-02-26 19:24:45.872 +0530 grpc-default-executor-0 : com.tableau.oauth.utils.LoadBrowserHelper - Sending browser to: https://galop.connectors.tableau.com/prod/v1/auth/googledrive/desktop?callbackurl=http://localhost:49396/Tokens&username=&instanceurl=&role=
ERROR 2023-02-26 19:24:55.107 +0530 HTTP-Dispatcher : com.tableau.oauth.utils.I18nStringUtils - Unable to load string IDSOAuthBrowserAuthenticationTitleMsg from bundle strings/oauthServiceImplResourceBundle using locale en-IN.
ERROR 2023-02-26 19:24:55.108 +0530 HTTP-Dispatcher : com.tableau.oauth.utils.I18nStringUtils - Unable to load string IDSOAuthBrowserLoginDoneMsg from bundle strings/oauthServiceImplResourceBundle using locale en-IN.
INFO  2023-02-26 19:24:55.109 +0530 grpc-default-executor-0 : com.tableau.oauth.requestors.GalopRequestor - Requested Param: ACCESSTOKEN
INFO  2023-02-26 19:24:55.109 +0530 grpc-default-executor-0 : com.tableau.oauth.requestors.GalopRequestor - Requested Param: REFRESHTOKEN
INFO  2023-02-26 19:24:55.109 +0530 grpc-default-executor-0 : com.tableau.oauth.requestors.GalopRequestor - Requested Param: access-token-expires-in
INFO  2023-02-26 19:24:55.109 +0530 grpc-default-executor-0 : com.tableau.oauth.requestors.GalopRequestor - Requested Param: access-token-issue-time
INFO  2023-02-26 19:24:55.109 +0530 grpc-default-executor-0 : com.tableau.oauth.requestors.GalopRequestor - Requested Param: username
INFO  2023-02-26 19:24:55.113 +0530 grpc-default-executor-0 : com.tableau.oauth.grpc.OAuthV1GrpcAdapter - Tokens returned from grpc call: {ACCESSTOKEN=********, REFRESHTOKEN=********, access-token-expires-in=3599, access-token-issue-time=1677419693411, username=samyuktha.ananthan02@gmail.com}
INFO  2023-02-26 19:24:55.113 +0530 grpc-default-executor-0 : com.tableau.oauth.grpc.OAuthV1GrpcAdapter - Tokens returned from grpc call: {ACCESSTOKEN=********, REFRESHTOKEN=********, access-token-expires-in=3599, access-token-issue-time=1677419693411, username=samyuktha.ananthan02@gmail.com}
INFO  2023-02-26 19:24:55.118 +0530 grpc-default-executor-0 : com.tableau.oauth.grpc.OAuthV1GrpcAdapter - attempting to place token: ACCESSTOKEN
INFO  2023-02-26 19:24:55.119 +0530 grpc-default-executor-0 : com.tableau.oauth.grpc.OAuthV1GrpcAdapter - attempting to place token: REFRESHTOKEN
INFO  2023-02-26 19:24:55.119 +0530 grpc-default-executor-0 : com.tableau.oauth.grpc.OAuthV1GrpcAdapter - attempting to place token: access-token-expires-in
INFO  2023-02-26 19:24:55.119 +0530 grpc-default-executor-0 : com.tableau.oauth.grpc.OAuthV1GrpcAdapter - attempting to place token: access-token-issue-time
INFO  2023-02-26 19:24:55.119 +0530 grpc-default-executor-0 : com.tableau.oauth.grpc.OAuthV1GrpcAdapter - attempting to place token: username
INFO  2023-02-26 19:24:55.119 +0530 grpc-default-executor-0 : com.tableau.oauth.grpc.OAuthV1GrpcAdapter - attempting to build the response.
INFO  2023-02-26 19:24:55.119 +0530 grpc-default-executor-0 : com.tableau.oauth.grpc.OAuthV1GrpcAdapter - response: {ACCESSTOKEN=********, REFRESHTOKEN=********, access-token-expires-in=3599, access-token-issue-time=1677419693411, username=samyuktha.ananthan02@gmail.com}
INFO  2023-02-26 19:24:55.119 +0530 grpc-default-executor-0 : com.tableau.oauth.grpc.OAuthV1GrpcAdapter - response: {ACCESSTOKEN=********, REFRESHTOKEN=********, access-token-expires-in=3599, access-token-issue-time=1677419693411, username=samyuktha.ananthan02@gmail.com}
